Using pre-set license
Built from '2020.3/staging' branch; Version is '2020.3.6f1 (338bb68529b2) revision 3378102'; Using compiler version '192528614'; Build Type 'Release'
OS: 'Windows 10 Pro; OS build 19042.1165; Version 2009; 64bit' Language: 'pt' Physical Memory: 16247 MB
BatchMode: 1, IsHumanControllingUs: 0, StartBugReporterOnCrash: 0, Is64bit: 1, IsPro: 0

 COMMAND LINE ARGUMENTS:
C:\Program Files\Unity\Hub\Editor\2020.3.6f1\Editor\Unity.exe
-adb2
-batchMode
-noUpm
-name
AssetImportWorker0
-projectPath
D:/UnityJogos/MetalSlug/MetalSlugC
-logFile
Logs/AssetImportWorker0.log
-srvPort
63983
Successfully changed project path to: D:/UnityJogos/MetalSlug/MetalSlugC
D:/UnityJogos/MetalSlug/MetalSlugC
Using Asset Import Pipeline V2.
Refreshing native plugins compatible for Editor in 49.82 ms, found 3 plugins.
Preloading 0 native plugins for Editor in 0.00 ms.
Initialize engine version: 2020.3.6f1 (338bb68529b2)
[Subsystems] Discovering subsystems at path C:/Program Files/Unity/Hub/Editor/2020.3.6f1/Editor/Data/Resources/UnitySubsystems
[Subsystems] Discovering subsystems at path D:/UnityJogos/MetalSlug/MetalSlugC/Assets
GfxDevice: creating device client; threaded=0
Direct3D:
    Version:  Direct3D 11.0 [level 11.1]
    Renderer: Intel(R) UHD Graphics 630 (ID=0x3e98)
    Vendor:   
    VRAM:     8123 MB
    Driver:   27.20.100.8681
Initialize mono
Mono path[0] = 'C:/Program Files/Unity/Hub/Editor/2020.3.6f1/Editor/Data/Managed'
Mono path[1] = 'C:/Program Files/Unity/Hub/Editor/2020.3.6f1/Editor/Data/MonoBleedingEdge/lib/mono/unityjit'
Mono config path = 'C:/Program Files/Unity/Hub/Editor/2020.3.6f1/Editor/Data/MonoBleedingEdge/etc'
Using monoOptions --debugger-agent=transport=dt_socket,embedding=1,server=y,suspend=n,address=127.0.0.1:56072
Begin MonoManager ReloadAssembly
Registering precompiled unity dll's ...
Register platform support module: C:/Program Files/Unity/Hub/Editor/2020.3.6f1/Editor/Data/PlaybackEngines/WindowsStandaloneSupport/UnityEditor.WindowsStandalone.Extensions.dll
Registered in 0.001641 seconds.
Native extension for WindowsStandalone target not found
Refreshing native plugins compatible for Editor in 49.47 ms, found 3 plugins.
Preloading 0 native plugins for Editor in 0.00 ms.
Mono: successfully reloaded assembly
- Completed reload, in  1.926 seconds
Platform modules already initialized, skipping
Registering precompiled user dll's ...
Registered in 0.002887 seconds.
Begin MonoManager ReloadAssembly
Native extension for WindowsStandalone target not found
Refreshing native plugins compatible for Editor in 47.35 ms, found 3 plugins.
Preloading 0 native plugins for Editor in 0.00 ms.
Mono: successfully reloaded assembly
- Completed reload, in  1.109 seconds
Platform modules already initialized, skipping
========================================================================
Worker process is ready to serve import requests
Launched and connected shader compiler UnityShaderCompiler.exe after 0.03 seconds
Refreshing native plugins compatible for Editor in 0.51 ms, found 3 plugins.
Preloading 0 native plugins for Editor in 0.00 ms.
Unloading 2162 Unused Serialized files (Serialized files now loaded: 0)
System memory in use before: 97.0 MB.
System memory in use after: 97.1 MB.

Unloading 30 unused Assets to reduce memory usage. Loaded Objects now: 2603.
Total: 2.257800 ms (FindLiveObjects: 0.178500 ms CreateObjectMapping: 0.084200 ms MarkObjects: 1.941500 ms  DeleteObjects: 0.053100 ms)

========================================================================
Received Import Request.
  path: Assets/Prefabs/bomba.prefab
  artifactKey: Guid(e721321912a68974495d20cfe79134cb) Importer(815301076,1909f56bfc062723c751e8b465ee728b)
Start importing Assets/Prefabs/bomba.prefab using Guid(e721321912a68974495d20cfe79134cb) Importer(815301076,1909f56bfc062723c751e8b465ee728b)  -> (artifact id: '2b060e682ea6a6395a2ddac02d8312b4') in 0.086944 seconds
  Import took 0.090165 seconds .

========================================================================
Received Import Request.
  Time since last request: 3.907927 seconds.
  path: Assets/Prefabs/Bomba_Anim.prefab
  artifactKey: Guid(8a4a9832593bce943bcb6676afca54d1) Importer(815301076,1909f56bfc062723c751e8b465ee728b)
Start importing Assets/Prefabs/Bomba_Anim.prefab using Guid(8a4a9832593bce943bcb6676afca54d1) Importer(815301076,1909f56bfc062723c751e8b465ee728b)  -> (artifact id: 'a7d72fa29fd2da1e606b5dfa001539d2') in 0.006959 seconds
  Import took 0.010309 seconds .

========================================================================
Received Import Request.
  Time since last request: 0.002578 seconds.
  path: Assets/Prefabs/Bomba_Anim.prefab
  artifactKey: Guid(8a4a9832593bce943bcb6676afca54d1) Importer(815301076,1909f56bfc062723c751e8b465ee728b)
Start importing Assets/Prefabs/Bomba_Anim.prefab using Guid(8a4a9832593bce943bcb6676afca54d1) Importer(815301076,1909f56bfc062723c751e8b465ee728b)  -> (artifact id: 'a7d72fa29fd2da1e606b5dfa001539d2') in 0.003701 seconds
  Import took 0.007516 seconds .

========================================================================
Received Import Request.
  Time since last request: 7.542569 seconds.
  path: Assets/Prefabs/Bomba_Anim.prefab
  artifactKey: Guid(8a4a9832593bce943bcb6676afca54d1) Importer(815301076,1909f56bfc062723c751e8b465ee728b)
Start importing Assets/Prefabs/Bomba_Anim.prefab using Guid(8a4a9832593bce943bcb6676afca54d1) Importer(815301076,1909f56bfc062723c751e8b465ee728b)  -> (artifact id: '535dba52ec8988bf179c6cc1057b4d74') in 0.003721 seconds
  Import took 0.007228 seconds .

========================================================================
Received Prepare
Registering precompiled user dll's ...
Registered in 0.002696 seconds.
Begin MonoManager ReloadAssembly
Native extension for WindowsStandalone target not found
Refreshing native plugins compatible for Editor in 0.53 ms, found 3 plugins.
Preloading 0 native plugins for Editor in 0.00 ms.
Mono: successfully reloaded assembly
- Completed reload, in  0.996 seconds
Platform modules already initialized, skipping
Switching build target platform(5) subTarget(0) extendedPlatform(0) -> platform(13) subTarget(537395200) extendedPlatform(0)
Refreshing native plugins compatible for Editor in 0.53 ms, found 3 plugins.
Preloading 0 native plugins for Editor in 0.00 ms.
Unloading 2142 Unused Serialized files (Serialized files now loaded: 0)
System memory in use before: 98.0 MB.
System memory in use after: 98.1 MB.

Unloading 18 unused Assets to reduce memory usage. Loaded Objects now: 2613.
Total: 2.317800 ms (FindLiveObjects: 0.174900 ms CreateObjectMapping: 0.082300 ms MarkObjects: 2.046000 ms  DeleteObjects: 0.013900 ms)

AssetImportParameters requested are different than current active one (requested -> active):
  custom:graphics/normal-map-encoding: 01000000000000000000000000000000 -> 02000000000000000000000000000000
========================================================================
Received Import Request.
  Time since last request: 22.146445 seconds.
  path: Assets/Prefabs/Bomba_Anim.prefab
  artifactKey: Guid(8a4a9832593bce943bcb6676afca54d1) Importer(815301076,1909f56bfc062723c751e8b465ee728b)
Start importing Assets/Prefabs/Bomba_Anim.prefab using Guid(8a4a9832593bce943bcb6676afca54d1) Importer(815301076,1909f56bfc062723c751e8b465ee728b)  -> (artifact id: '70fb41c82c7fb989e45fdf431320a2da') in 0.019562 seconds
  Import took 0.022567 seconds .

========================================================================
Received Prepare
Registering precompiled user dll's ...
Registered in 0.002742 seconds.
Begin MonoManager ReloadAssembly
Native extension for WindowsStandalone target not found
Refreshing native plugins compatible for Editor in 0.53 ms, found 3 plugins.
Preloading 0 native plugins for Editor in 0.00 ms.
Mono: successfully reloaded assembly
- Completed reload, in  1.040 seconds
Platform modules already initialized, skipping
Switching build target platform(5) subTarget(0) extendedPlatform(0) -> platform(13) subTarget(537395200) extendedPlatform(0)
Refreshing native plugins compatible for Editor in 0.53 ms, found 3 plugins.
Preloading 0 native plugins for Editor in 0.00 ms.
Unloading 2142 Unused Serialized files (Serialized files now loaded: 0)
System memory in use before: 98.1 MB.
System memory in use after: 98.2 MB.

Unloading 18 unused Assets to reduce memory usage. Loaded Objects now: 2616.
Total: 2.181700 ms (FindLiveObjects: 0.177200 ms CreateObjectMapping: 0.082800 ms MarkObjects: 1.906000 ms  DeleteObjects: 0.014900 ms)

AssetImportParameters requested are different than current active one (requested -> active):
  custom:graphics/normal-map-encoding: 01000000000000000000000000000000 -> 02000000000000000000000000000000
========================================================================
Received Import Request.
  Time since last request: 18.180775 seconds.
  path: Assets/Prefabs/Bomba_Anim.prefab
  artifactKey: Guid(8a4a9832593bce943bcb6676afca54d1) Importer(815301076,1909f56bfc062723c751e8b465ee728b)
Start importing Assets/Prefabs/Bomba_Anim.prefab using Guid(8a4a9832593bce943bcb6676afca54d1) Importer(815301076,1909f56bfc062723c751e8b465ee728b)  -> (artifact id: 'e47cabfc9557820522218f354d636c09') in 0.020493 seconds
  Import took 0.023611 seconds .

========================================================================
Received Prepare
Registering precompiled user dll's ...
Registered in 0.002758 seconds.
Begin MonoManager ReloadAssembly
Native extension for WindowsStandalone target not found
Refreshing native plugins compatible for Editor in 0.53 ms, found 3 plugins.
Preloading 0 native plugins for Editor in 0.00 ms.
Mono: successfully reloaded assembly
- Completed reload, in  0.991 seconds
Platform modules already initialized, skipping
Switching build target platform(5) subTarget(0) extendedPlatform(0) -> platform(13) subTarget(537395200) extendedPlatform(0)
Refreshing native plugins compatible for Editor in 0.53 ms, found 3 plugins.
Preloading 0 native plugins for Editor in 0.00 ms.
Unloading 2142 Unused Serialized files (Serialized files now loaded: 0)
System memory in use before: 98.1 MB.
System memory in use after: 98.2 MB.

Unloading 18 unused Assets to reduce memory usage. Loaded Objects now: 2619.
Total: 2.236800 ms (FindLiveObjects: 0.172000 ms CreateObjectMapping: 0.074200 ms MarkObjects: 1.975000 ms  DeleteObjects: 0.014600 ms)

AssetImportParameters requested are different than current active one (requested -> active):
  custom:graphics/normal-map-encoding: 01000000000000000000000000000000 -> 02000000000000000000000000000000
========================================================================
Received Import Request.
  Time since last request: 20.359669 seconds.
  path: Assets/Prefabs/Bomba_Anim.prefab
  artifactKey: Guid(8a4a9832593bce943bcb6676afca54d1) Importer(815301076,1909f56bfc062723c751e8b465ee728b)
Start importing Assets/Prefabs/Bomba_Anim.prefab using Guid(8a4a9832593bce943bcb6676afca54d1) Importer(815301076,1909f56bfc062723c751e8b465ee728b)  -> (artifact id: '9867e2c4fa1d6054c70b6ad3f73d4642') in 0.024943 seconds
  Import took 0.028673 seconds .

========================================================================
Received Prepare
Registering precompiled user dll's ...
Registered in 0.002741 seconds.
Begin MonoManager ReloadAssembly
Native extension for WindowsStandalone target not found
Refreshing native plugins compatible for Editor in 0.53 ms, found 3 plugins.
Preloading 0 native plugins for Editor in 0.00 ms.
Mono: successfully reloaded assembly
- Completed reload, in  0.995 seconds
Platform modules already initialized, skipping
Switching build target platform(5) subTarget(0) extendedPlatform(0) -> platform(13) subTarget(537395200) extendedPlatform(0)
Refreshing native plugins compatible for Editor in 0.52 ms, found 3 plugins.
Preloading 0 native plugins for Editor in 0.00 ms.
Unloading 2142 Unused Serialized files (Serialized files now loaded: 0)
System memory in use before: 98.1 MB.
System memory in use after: 98.2 MB.

Unloading 18 unused Assets to reduce memory usage. Loaded Objects now: 2622.
Total: 2.193500 ms (FindLiveObjects: 0.175400 ms CreateObjectMapping: 0.077400 ms MarkObjects: 1.925500 ms  DeleteObjects: 0.014400 ms)

AssetImportParameters requested are different than current active one (requested -> active):
  custom:graphics/normal-map-encoding: 01000000000000000000000000000000 -> 02000000000000000000000000000000
========================================================================
Received Import Request.
  Time since last request: 19.422784 seconds.
  path: Assets/Prefabs/Bomba_Anim.prefab
  artifactKey: Guid(8a4a9832593bce943bcb6676afca54d1) Importer(815301076,1909f56bfc062723c751e8b465ee728b)
Start importing Assets/Prefabs/Bomba_Anim.prefab using Guid(8a4a9832593bce943bcb6676afca54d1) Importer(815301076,1909f56bfc062723c751e8b465ee728b)  -> (artifact id: 'adbe111b8427ad089546c200bed1224e') in 0.021310 seconds
  Import took 0.024580 seconds .

========================================================================
Received Prepare
Registering precompiled user dll's ...
Registered in 0.002745 seconds.
Begin MonoManager ReloadAssembly
Native extension for WindowsStandalone target not found
Refreshing native plugins compatible for Editor in 0.53 ms, found 3 plugins.
Preloading 0 native plugins for Editor in 0.00 ms.
Mono: successfully reloaded assembly
- Completed reload, in  0.985 seconds
Platform modules already initialized, skipping
Switching build target platform(5) subTarget(0) extendedPlatform(0) -> platform(13) subTarget(537395200) extendedPlatform(0)
Refreshing native plugins compatible for Editor in 0.52 ms, found 3 plugins.
Preloading 0 native plugins for Editor in 0.00 ms.
Unloading 2142 Unused Serialized files (Serialized files now loaded: 0)
System memory in use before: 98.1 MB.
System memory in use after: 98.2 MB.

Unloading 18 unused Assets to reduce memory usage. Loaded Objects now: 2625.
Total: 2.337700 ms (FindLiveObjects: 0.197200 ms CreateObjectMapping: 0.082400 ms MarkObjects: 2.042600 ms  DeleteObjects: 0.014800 ms)

AssetImportParameters requested are different than current active one (requested -> active):
  custom:graphics/normal-map-encoding: 01000000000000000000000000000000 -> 02000000000000000000000000000000
========================================================================
Received Prepare
Registering precompiled user dll's ...
Registered in 0.002789 seconds.
Begin MonoManager ReloadAssembly
Native extension for WindowsStandalone target not found
Refreshing native plugins compatible for Editor in 0.57 ms, found 3 plugins.
Preloading 0 native plugins for Editor in 0.00 ms.
Mono: successfully reloaded assembly
- Completed reload, in  1.110 seconds
Platform modules already initialized, skipping
Switching build target platform(5) subTarget(0) extendedPlatform(0) -> platform(13) subTarget(537395200) extendedPlatform(0)
Refreshing native plugins compatible for Editor in 0.63 ms, found 3 plugins.
Preloading 0 native plugins for Editor in 0.00 ms.
Unloading 2142 Unused Serialized files (Serialized files now loaded: 0)
System memory in use before: 98.1 MB.
System memory in use after: 98.3 MB.

Unloading 18 unused Assets to reduce memory usage. Loaded Objects now: 2628.
Total: 3.400200 ms (FindLiveObjects: 0.214900 ms CreateObjectMapping: 0.133100 ms MarkObjects: 3.007900 ms  DeleteObjects: 0.043100 ms)

AssetImportParameters requested are different than current active one (requested -> active):
  custom:graphics/normal-map-encoding: 01000000000000000000000000000000 -> 02000000000000000000000000000000
========================================================================
Received Prepare
Registering precompiled user dll's ...
Registered in 0.003062 seconds.
Begin MonoManager ReloadAssembly
Native extension for WindowsStandalone target not found
Refreshing native plugins compatible for Editor in 0.74 ms, found 3 plugins.
Preloading 0 native plugins for Editor in 0.00 ms.
Mono: successfully reloaded assembly
- Completed reload, in  1.075 seconds
Platform modules already initialized, skipping
Switching build target platform(5) subTarget(0) extendedPlatform(0) -> platform(13) subTarget(537395200) extendedPlatform(0)
Refreshing native plugins compatible for Editor in 0.53 ms, found 3 plugins.
Preloading 0 native plugins for Editor in 0.00 ms.
Unloading 2142 Unused Serialized files (Serialized files now loaded: 0)
System memory in use before: 98.1 MB.
System memory in use after: 98.3 MB.

Unloading 18 unused Assets to reduce memory usage. Loaded Objects now: 2631.
Total: 2.163400 ms (FindLiveObjects: 0.181900 ms CreateObjectMapping: 0.079100 ms MarkObjects: 1.885500 ms  DeleteObjects: 0.015900 ms)

AssetImportParameters requested are different than current active one (requested -> active):
  custom:graphics/normal-map-encoding: 01000000000000000000000000000000 -> 02000000000000000000000000000000
========================================================================
Received Import Request.
  Time since last request: 112.166605 seconds.
  path: Assets/heroi/Animacao/Explosao.anim
  artifactKey: Guid(f936f4f0d7c10c74c8c0aeaa6893b168) Importer(815301076,1909f56bfc062723c751e8b465ee728b)
Start importing Assets/heroi/Animacao/Explosao.anim using Guid(f936f4f0d7c10c74c8c0aeaa6893b168) Importer(815301076,1909f56bfc062723c751e8b465ee728b)  -> (artifact id: 'c93117030872362eda3c0f36efb0f472') in 0.018547 seconds
  Import took 0.022019 seconds .

========================================================================
Received Import Request.
  Time since last request: 2.382770 seconds.
  path: Assets/heroi/Animacao/Explosao.anim
  artifactKey: Guid(f936f4f0d7c10c74c8c0aeaa6893b168) Importer(815301076,1909f56bfc062723c751e8b465ee728b)
Start importing Assets/heroi/Animacao/Explosao.anim using Guid(f936f4f0d7c10c74c8c0aeaa6893b168) Importer(815301076,1909f56bfc062723c751e8b465ee728b)  -> (artifact id: 'dc1e47ca8b9222a4e2c5f815ea9f3b10') in 0.002540 seconds
  Import took 0.005863 seconds .

========================================================================
Received Prepare
Registering precompiled user dll's ...
Registered in 0.002784 seconds.
Begin MonoManager ReloadAssembly
Native extension for WindowsStandalone target not found
Refreshing native plugins compatible for Editor in 0.54 ms, found 3 plugins.
Preloading 0 native plugins for Editor in 0.00 ms.
Mono: successfully reloaded assembly
- Completed reload, in  1.047 seconds
Platform modules already initialized, skipping
Switching build target platform(5) subTarget(0) extendedPlatform(0) -> platform(13) subTarget(537395200) extendedPlatform(0)
Refreshing native plugins compatible for Editor in 0.54 ms, found 3 plugins.
Preloading 0 native plugins for Editor in 0.00 ms.
Unloading 2142 Unused Serialized files (Serialized files now loaded: 0)
System memory in use before: 98.2 MB.
System memory in use after: 98.3 MB.

Unloading 18 unused Assets to reduce memory usage. Loaded Objects now: 2634.
Total: 2.174200 ms (FindLiveObjects: 0.195600 ms CreateObjectMapping: 0.086100 ms MarkObjects: 1.875900 ms  DeleteObjects: 0.015800 ms)

AssetImportParameters requested are different than current active one (requested -> active):
  custom:graphics/normal-map-encoding: 01000000000000000000000000000000 -> 02000000000000000000000000000000
========================================================================
Received Import Request.
  Time since last request: 160.534312 seconds.
  path: Assets/Prefabs/metalslug_personagem.png
  artifactKey: Guid(385c1f777fb76f941bed599830754463) Importer(815301076,1909f56bfc062723c751e8b465ee728b)
Start importing Assets/Prefabs/metalslug_personagem.png using Guid(385c1f777fb76f941bed599830754463) Importer(815301076,1909f56bfc062723c751e8b465ee728b)  -> (artifact id: '5d462c3d9c16d8b22b6206c90721c8c6') in 0.095146 seconds
  Import took 0.098879 seconds .

========================================================================
Received Import Request.
  Time since last request: 23.483466 seconds.
  path: Assets/Prefabs/metalslug_personagem.png
  artifactKey: Guid(385c1f777fb76f941bed599830754463) Importer(815301076,1909f56bfc062723c751e8b465ee728b)
Start importing Assets/Prefabs/metalslug_personagem.png using Guid(385c1f777fb76f941bed599830754463) Importer(815301076,1909f56bfc062723c751e8b465ee728b)  -> (artifact id: '1aacf96f6e709df9ca9b01c5444ee1b7') in 0.053041 seconds
  Import took 0.056217 seconds .

========================================================================
Received Prepare
Registering precompiled user dll's ...
Registered in 0.002764 seconds.
Begin MonoManager ReloadAssembly
Native extension for WindowsStandalone target not found
Refreshing native plugins compatible for Editor in 0.52 ms, found 3 plugins.
Preloading 0 native plugins for Editor in 0.00 ms.
Mono: successfully reloaded assembly
- Completed reload, in  1.025 seconds
Platform modules already initialized, skipping
Switching build target platform(5) subTarget(0) extendedPlatform(0) -> platform(13) subTarget(537395200) extendedPlatform(0)
Refreshing native plugins compatible for Editor in 0.54 ms, found 3 plugins.
Preloading 0 native plugins for Editor in 0.00 ms.
Unloading 2142 Unused Serialized files (Serialized files now loaded: 0)
System memory in use before: 98.2 MB.
System memory in use after: 98.3 MB.

Unloading 18 unused Assets to reduce memory usage. Loaded Objects now: 2662.
Total: 2.981900 ms (FindLiveObjects: 0.731300 ms CreateObjectMapping: 0.149200 ms MarkObjects: 2.082900 ms  DeleteObjects: 0.017200 ms)

AssetImportParameters requested are different than current active one (requested -> active):
  custom:graphics/normal-map-encoding: 01000000000000000000000000000000 -> 02000000000000000000000000000000
========================================================================
Received Import Request.
  Time since last request: 124.391951 seconds.
  path: Assets/Scripts/PlayMenu1.cs
  artifactKey: Guid(44405136925608d44a2c837c3f99f103) Importer(815301076,1909f56bfc062723c751e8b465ee728b)
Start importing Assets/Scripts/PlayMenu1.cs using Guid(44405136925608d44a2c837c3f99f103) Importer(815301076,1909f56bfc062723c751e8b465ee728b)  -> (artifact id: 'f3f463f0d5269aff2dcbb971d123b518') in 0.016930 seconds
  Import took 0.020289 seconds .

========================================================================
Received Import Request.
  Time since last request: 0.000397 seconds.
  path: Assets/Scripts/PlayMenu1.cs
  artifactKey: Guid(44405136925608d44a2c837c3f99f103) Importer(815301076,1909f56bfc062723c751e8b465ee728b)
Start importing Assets/Scripts/PlayMenu1.cs using Guid(44405136925608d44a2c837c3f99f103) Importer(815301076,1909f56bfc062723c751e8b465ee728b)  -> (artifact id: 'f3f463f0d5269aff2dcbb971d123b518') in 0.002283 seconds
  Import took 0.005546 seconds .

========================================================================
Received Import Request.
  Time since last request: 10.452927 seconds.
  path: Assets/Scripts/MataObjetos.cs
  artifactKey: Guid(8cbe98085436f284b96296c66b3fcfad) Importer(815301076,1909f56bfc062723c751e8b465ee728b)
Start importing Assets/Scripts/MataObjetos.cs using Guid(8cbe98085436f284b96296c66b3fcfad) Importer(815301076,1909f56bfc062723c751e8b465ee728b)  -> (artifact id: '73eef0e5306cfe2ee3d664685f77658c') in 0.006333 seconds
  Import took 0.010128 seconds .

========================================================================
Received Prepare
Registering precompiled user dll's ...
Registered in 0.002747 seconds.
Begin MonoManager ReloadAssembly
Native extension for WindowsStandalone target not found
Refreshing native plugins compatible for Editor in 0.57 ms, found 3 plugins.
Preloading 0 native plugins for Editor in 0.00 ms.
Mono: successfully reloaded assembly
- Completed reload, in  1.183 seconds
Platform modules already initialized, skipping
Switching build target platform(5) subTarget(0) extendedPlatform(0) -> platform(13) subTarget(537395200) extendedPlatform(0)
Refreshing native plugins compatible for Editor in 0.56 ms, found 3 plugins.
Preloading 0 native plugins for Editor in 0.00 ms.
Unloading 2143 Unused Serialized files (Serialized files now loaded: 0)
System memory in use before: 98.3 MB.
System memory in use after: 98.4 MB.

Unloading 18 unused Assets to reduce memory usage. Loaded Objects now: 2666.
Total: 2.382600 ms (FindLiveObjects: 0.202900 ms CreateObjectMapping: 0.089300 ms MarkObjects: 2.069500 ms  DeleteObjects: 0.019900 ms)

AssetImportParameters requested are different than current active one (requested -> active):
  custom:graphics/normal-map-encoding: 01000000000000000000000000000000 -> 02000000000000000000000000000000
========================================================================
Received Import Request.
  Time since last request: 3.814453 seconds.
  path: Assets/Scripts/HeroiControle.cs
  artifactKey: Guid(b7e367b9065a8a8469da3bdfb448265b) Importer(815301076,1909f56bfc062723c751e8b465ee728b)
Start importing Assets/Scripts/HeroiControle.cs using Guid(b7e367b9065a8a8469da3bdfb448265b) Importer(815301076,1909f56bfc062723c751e8b465ee728b)  -> (artifact id: '2ba7acd6b1b3a6fcd81509eb496a1cdf') in 0.008434 seconds
  Import took 0.012031 seconds .

========================================================================
Received Prepare
Registering precompiled user dll's ...
Registered in 0.002828 seconds.
Begin MonoManager ReloadAssembly
Native extension for WindowsStandalone target not found
Refreshing native plugins compatible for Editor in 0.54 ms, found 3 plugins.
Preloading 0 native plugins for Editor in 0.00 ms.
Mono: successfully reloaded assembly
- Completed reload, in  1.074 seconds
Platform modules already initialized, skipping
Switching build target platform(5) subTarget(0) extendedPlatform(0) -> platform(13) subTarget(537395200) extendedPlatform(0)
Refreshing native plugins compatible for Editor in 0.85 ms, found 3 plugins.
Preloading 0 native plugins for Editor in 0.00 ms.
Unloading 2143 Unused Serialized files (Serialized files now loaded: 0)
System memory in use before: 98.3 MB.
System memory in use after: 98.4 MB.

Unloading 18 unused Assets to reduce memory usage. Loaded Objects now: 2669.
Total: 7.971400 ms (FindLiveObjects: 0.613900 ms CreateObjectMapping: 0.331200 ms MarkObjects: 6.967100 ms  DeleteObjects: 0.055400 ms)

AssetImportParameters requested are different than current active one (requested -> active):
  custom:graphics/normal-map-encoding: 01000000000000000000000000000000 -> 02000000000000000000000000000000
========================================================================
Received Prepare
Registering precompiled user dll's ...
Registered in 0.002837 seconds.
Begin MonoManager ReloadAssembly
Native extension for WindowsStandalone target not found
Refreshing native plugins compatible for Editor in 0.53 ms, found 3 plugins.
Preloading 0 native plugins for Editor in 0.00 ms.
Mono: successfully reloaded assembly
- Completed reload, in  1.087 seconds
Platform modules already initialized, skipping
Switching build target platform(5) subTarget(0) extendedPlatform(0) -> platform(13) subTarget(537395200) extendedPlatform(0)
Refreshing native plugins compatible for Editor in 0.52 ms, found 3 plugins.
Preloading 0 native plugins for Editor in 0.00 ms.
Unloading 2143 Unused Serialized files (Serialized files now loaded: 0)
System memory in use before: 98.3 MB.
System memory in use after: 98.4 MB.

Unloading 18 unused Assets to reduce memory usage. Loaded Objects now: 2672.
Total: 3.040700 ms (FindLiveObjects: 0.414500 ms CreateObjectMapping: 0.237100 ms MarkObjects: 2.372300 ms  DeleteObjects: 0.015000 ms)

AssetImportParameters requested are different than current active one (requested -> active):
  custom:graphics/normal-map-encoding: 01000000000000000000000000000000 -> 02000000000000000000000000000000
========================================================================
Received Prepare
Registering precompiled user dll's ...
Registered in 0.002684 seconds.
Begin MonoManager ReloadAssembly
Native extension for WindowsStandalone target not found
Refreshing native plugins compatible for Editor in 0.56 ms, found 3 plugins.
Preloading 0 native plugins for Editor in 0.00 ms.
Mono: successfully reloaded assembly
- Completed reload, in  1.031 seconds
Platform modules already initialized, skipping
Switching build target platform(5) subTarget(0) extendedPlatform(0) -> platform(13) subTarget(537395200) extendedPlatform(0)
Refreshing native plugins compatible for Editor in 0.55 ms, found 3 plugins.
Preloading 0 native plugins for Editor in 0.00 ms.
Unloading 2143 Unused Serialized files (Serialized files now loaded: 0)
System memory in use before: 98.2 MB.
System memory in use after: 98.3 MB.

Unloading 18 unused Assets to reduce memory usage. Loaded Objects now: 2675.
Total: 2.244500 ms (FindLiveObjects: 0.195100 ms CreateObjectMapping: 0.087200 ms MarkObjects: 1.944300 ms  DeleteObjects: 0.016900 ms)

AssetImportParameters requested are different than current active one (requested -> active):
  custom:graphics/normal-map-encoding: 01000000000000000000000000000000 -> 02000000000000000000000000000000
========================================================================
Received Prepare
Registering precompiled user dll's ...
Registered in 0.002742 seconds.
Begin MonoManager ReloadAssembly
Native extension for WindowsStandalone target not found
Refreshing native plugins compatible for Editor in 0.54 ms, found 3 plugins.
Preloading 0 native plugins for Editor in 0.00 ms.
Mono: successfully reloaded assembly
- Completed reload, in  1.054 seconds
Platform modules already initialized, skipping
Switching build target platform(5) subTarget(0) extendedPlatform(0) -> platform(13) subTarget(537395200) extendedPlatform(0)
Refreshing native plugins compatible for Editor in 0.53 ms, found 3 plugins.
Preloading 0 native plugins for Editor in 0.00 ms.
Unloading 2143 Unused Serialized files (Serialized files now loaded: 0)
System memory in use before: 98.3 MB.
System memory in use after: 98.4 MB.

Unloading 18 unused Assets to reduce memory usage. Loaded Objects now: 2678.
Total: 2.294200 ms (FindLiveObjects: 0.177600 ms CreateObjectMapping: 0.078500 ms MarkObjects: 2.022400 ms  DeleteObjects: 0.014800 ms)

AssetImportParameters requested are different than current active one (requested -> active):
  custom:graphics/normal-map-encoding: 01000000000000000000000000000000 -> 02000000000000000000000000000000
========================================================================
Received Import Request.
  Time since last request: 274.788447 seconds.
  path: Assets/Prefabs/Bomba_Anim.prefab
  artifactKey: Guid(8a4a9832593bce943bcb6676afca54d1) Importer(815301076,1909f56bfc062723c751e8b465ee728b)
Start importing Assets/Prefabs/Bomba_Anim.prefab using Guid(8a4a9832593bce943bcb6676afca54d1) Importer(815301076,1909f56bfc062723c751e8b465ee728b)  -> (artifact id: 'e37fa3679156c1273f10369ea8233a37') in 0.020602 seconds
  Import took 0.023866 seconds .

========================================================================
Received Import Request.
  Time since last request: 9.846858 seconds.
  path: Assets/Prefabs/metalslug_personagem.png
  artifactKey: Guid(385c1f777fb76f941bed599830754463) Importer(815301076,1909f56bfc062723c751e8b465ee728b)
Start importing Assets/Prefabs/metalslug_personagem.png using Guid(385c1f777fb76f941bed599830754463) Importer(815301076,1909f56bfc062723c751e8b465ee728b)  -> (artifact id: '5771ff4d1c9cfc4267a40677eb9d7482') in 0.066793 seconds
  Import took 0.070211 seconds .

========================================================================
Received Import Request.
  Time since last request: 27.720102 seconds.
  path: Assets/Prefabs/metalslug_personagem.png
  artifactKey: Guid(385c1f777fb76f941bed599830754463) Importer(815301076,1909f56bfc062723c751e8b465ee728b)
Start importing Assets/Prefabs/metalslug_personagem.png using Guid(385c1f777fb76f941bed599830754463) Importer(815301076,1909f56bfc062723c751e8b465ee728b)  -> (artifact id: 'eb45fcc4e84cceb42ebdceec5783a2e5') in 0.059785 seconds
  Import took 0.063262 seconds .

========================================================================
Received Prepare
Registering precompiled user dll's ...
Registered in 0.002713 seconds.
Begin MonoManager ReloadAssembly
Native extension for WindowsStandalone target not found
Refreshing native plugins compatible for Editor in 0.53 ms, found 3 plugins.
Preloading 0 native plugins for Editor in 0.00 ms.
Mono: successfully reloaded assembly
- Completed reload, in  1.043 seconds
Platform modules already initialized, skipping
Switching build target platform(5) subTarget(0) extendedPlatform(0) -> platform(13) subTarget(537395200) extendedPlatform(0)
Refreshing native plugins compatible for Editor in 0.53 ms, found 3 plugins.
Preloading 0 native plugins for Editor in 0.00 ms.
Unloading 2143 Unused Serialized files (Serialized files now loaded: 0)
System memory in use before: 98.3 MB.
System memory in use after: 98.4 MB.

Unloading 18 unused Assets to reduce memory usage. Loaded Objects now: 2684.
Total: 2.293100 ms (FindLiveObjects: 0.203400 ms CreateObjectMapping: 0.100700 ms MarkObjects: 1.971100 ms  DeleteObjects: 0.017100 ms)

AssetImportParameters requested are different than current active one (requested -> active):
  custom:graphics/normal-map-encoding: 01000000000000000000000000000000 -> 02000000000000000000000000000000
========================================================================
Received Import Request.
  Time since last request: 56.075532 seconds.
  path: Assets/heroi/Animacao/Bomba_Anim.controller
  artifactKey: Guid(b54033a502411ed4c9148e43a04140c5) Importer(815301076,1909f56bfc062723c751e8b465ee728b)
Start importing Assets/heroi/Animacao/Bomba_Anim.controller using Guid(b54033a502411ed4c9148e43a04140c5) Importer(815301076,1909f56bfc062723c751e8b465ee728b)  -> (artifact id: '82f3b77a302d6b5adc80ce44be9bc6e5') in 0.015394 seconds
  Import took 0.019752 seconds .

========================================================================
Received Prepare
Registering precompiled user dll's ...
Registered in 0.055504 seconds.
Begin MonoManager ReloadAssembly
Native extension for WindowsStandalone target not found
Refreshing native plugins compatible for Editor in 0.54 ms, found 3 plugins.
Preloading 0 native plugins for Editor in 0.00 ms.
Mono: successfully reloaded assembly
- Completed reload, in  1.059 seconds
Platform modules already initialized, skipping
Switching build target platform(5) subTarget(0) extendedPlatform(0) -> platform(13) subTarget(537395200) extendedPlatform(0)
Refreshing native plugins compatible for Editor in 0.52 ms, found 3 plugins.
Preloading 0 native plugins for Editor in 0.00 ms.
Unloading 2143 Unused Serialized files (Serialized files now loaded: 0)
System memory in use before: 98.3 MB.
System memory in use after: 98.5 MB.

Unloading 18 unused Assets to reduce memory usage. Loaded Objects now: 2687.
Total: 2.335800 ms (FindLiveObjects: 0.230200 ms CreateObjectMapping: 0.087000 ms MarkObjects: 2.003300 ms  DeleteObjects: 0.014500 ms)

AssetImportParameters requested are different than current active one (requested -> active):
  custom:graphics/normal-map-encoding: 01000000000000000000000000000000 -> 02000000000000000000000000000000
========================================================================
Received Prepare
Registering precompiled user dll's ...
Registered in 0.002727 seconds.
Begin MonoManager ReloadAssembly
Native extension for WindowsStandalone target not found
Refreshing native plugins compatible for Editor in 0.53 ms, found 3 plugins.
Preloading 0 native plugins for Editor in 0.00 ms.
Mono: successfully reloaded assembly
- Completed reload, in  1.116 seconds
Platform modules already initialized, skipping
Switching build target platform(5) subTarget(0) extendedPlatform(0) -> platform(13) subTarget(537395200) extendedPlatform(0)
Refreshing native plugins compatible for Editor in 0.54 ms, found 3 plugins.
Preloading 0 native plugins for Editor in 0.00 ms.
Unloading 2143 Unused Serialized files (Serialized files now loaded: 0)
System memory in use before: 98.3 MB.
System memory in use after: 98.5 MB.

Unloading 18 unused Assets to reduce memory usage. Loaded Objects now: 2690.
Total: 2.146500 ms (FindLiveObjects: 0.183200 ms CreateObjectMapping: 0.077100 ms MarkObjects: 1.871700 ms  DeleteObjects: 0.013800 ms)

AssetImportParameters requested are different than current active one (requested -> active):
  custom:graphics/normal-map-encoding: 01000000000000000000000000000000 -> 02000000000000000000000000000000
========================================================================
Received Prepare
Registering precompiled user dll's ...
Registered in 0.002729 seconds.
Begin MonoManager ReloadAssembly
Native extension for WindowsStandalone target not found
Refreshing native plugins compatible for Editor in 0.52 ms, found 3 plugins.
Preloading 0 native plugins for Editor in 0.00 ms.
Mono: successfully reloaded assembly
- Completed reload, in  1.091 seconds
Platform modules already initialized, skipping
Switching build target platform(5) subTarget(0) extendedPlatform(0) -> platform(13) subTarget(537395200) extendedPlatform(0)
Refreshing native plugins compatible for Editor in 0.52 ms, found 3 plugins.
Preloading 0 native plugins for Editor in 0.00 ms.
Unloading 2143 Unused Serialized files (Serialized files now loaded: 0)
System memory in use before: 98.3 MB.
System memory in use after: 98.5 MB.

Unloading 18 unused Assets to reduce memory usage. Loaded Objects now: 2693.
Total: 2.197300 ms (FindLiveObjects: 0.170100 ms CreateObjectMapping: 0.101500 ms MarkObjects: 1.910800 ms  DeleteObjects: 0.014100 ms)

AssetImportParameters requested are different than current active one (requested -> active):
  custom:graphics/normal-map-encoding: 01000000000000000000000000000000 -> 02000000000000000000000000000000
========================================================================
Received Prepare
Registering precompiled user dll's ...
Registered in 0.002647 seconds.
Begin MonoManager ReloadAssembly
Native extension for WindowsStandalone target not found
Refreshing native plugins compatible for Editor in 0.55 ms, found 3 plugins.
Preloading 0 native plugins for Editor in 0.00 ms.
Mono: successfully reloaded assembly
- Completed reload, in  1.084 seconds
Platform modules already initialized, skipping
Switching build target platform(5) subTarget(0) extendedPlatform(0) -> platform(13) subTarget(537395200) extendedPlatform(0)
Refreshing native plugins compatible for Editor in 0.54 ms, found 3 plugins.
Preloading 0 native plugins for Editor in 0.00 ms.
Unloading 2143 Unused Serialized files (Serialized files now loaded: 0)
System memory in use before: 98.4 MB.
System memory in use after: 98.5 MB.

Unloading 18 unused Assets to reduce memory usage. Loaded Objects now: 2696.
Total: 2.464400 ms (FindLiveObjects: 0.276300 ms CreateObjectMapping: 0.109900 ms MarkObjects: 2.062200 ms  DeleteObjects: 0.015100 ms)

AssetImportParameters requested are different than current active one (requested -> active):
  custom:graphics/normal-map-encoding: 01000000000000000000000000000000 -> 02000000000000000000000000000000
========================================================================
Received Prepare
Registering precompiled user dll's ...
Registered in 0.002743 seconds.
Begin MonoManager ReloadAssembly
Native extension for WindowsStandalone target not found
Refreshing native plugins compatible for Editor in 0.53 ms, found 3 plugins.
Preloading 0 native plugins for Editor in 0.00 ms.
Mono: successfully reloaded assembly
- Completed reload, in  1.060 seconds
Platform modules already initialized, skipping
Switching build target platform(5) subTarget(0) extendedPlatform(0) -> platform(13) subTarget(537395200) extendedPlatform(0)
Refreshing native plugins compatible for Editor in 0.53 ms, found 3 plugins.
Preloading 0 native plugins for Editor in 0.00 ms.
Unloading 2143 Unused Serialized files (Serialized files now loaded: 0)
System memory in use before: 98.4 MB.
System memory in use after: 98.5 MB.

Unloading 18 unused Assets to reduce memory usage. Loaded Objects now: 2699.
Total: 2.209900 ms (FindLiveObjects: 0.178800 ms CreateObjectMapping: 0.076200 ms MarkObjects: 1.939100 ms  DeleteObjects: 0.014800 ms)

AssetImportParameters requested are different than current active one (requested -> active):
  custom:graphics/normal-map-encoding: 01000000000000000000000000000000 -> 02000000000000000000000000000000
========================================================================
Received Prepare
Registering precompiled user dll's ...
Registered in 0.002632 seconds.
Begin MonoManager ReloadAssembly
Native extension for WindowsStandalone target not found
Refreshing native plugins compatible for Editor in 0.53 ms, found 3 plugins.
Preloading 0 native plugins for Editor in 0.00 ms.
Mono: successfully reloaded assembly
- Completed reload, in  1.078 seconds
Platform modules already initialized, skipping
Switching build target platform(5) subTarget(0) extendedPlatform(0) -> platform(13) subTarget(537395200) extendedPlatform(0)
Refreshing native plugins compatible for Editor in 0.52 ms, found 3 plugins.
Preloading 0 native plugins for Editor in 0.00 ms.
Unloading 2143 Unused Serialized files (Serialized files now loaded: 0)
System memory in use before: 98.4 MB.
System memory in use after: 98.5 MB.

Unloading 18 unused Assets to reduce memory usage. Loaded Objects now: 2702.
Total: 2.296200 ms (FindLiveObjects: 0.180100 ms CreateObjectMapping: 0.081500 ms MarkObjects: 2.019800 ms  DeleteObjects: 0.013900 ms)

AssetImportParameters requested are different than current active one (requested -> active):
  custom:graphics/normal-map-encoding: 01000000000000000000000000000000 -> 02000000000000000000000000000000
========================================================================
Received Prepare
Registering precompiled user dll's ...
Registered in 0.002818 seconds.
Begin MonoManager ReloadAssembly
Native extension for WindowsStandalone target not found
Refreshing native plugins compatible for Editor in 0.56 ms, found 3 plugins.
Preloading 0 native plugins for Editor in 0.00 ms.
Mono: successfully reloaded assembly
- Completed reload, in  1.130 seconds
Platform modules already initialized, skipping
Switching build target platform(5) subTarget(0) extendedPlatform(0) -> platform(13) subTarget(537395200) extendedPlatform(0)
Refreshing native plugins compatible for Editor in 0.65 ms, found 3 plugins.
Preloading 0 native plugins for Editor in 0.00 ms.
Unloading 2143 Unused Serialized files (Serialized files now loaded: 0)
System memory in use before: 98.4 MB.
System memory in use after: 98.5 MB.

Unloading 18 unused Assets to reduce memory usage. Loaded Objects now: 2705.
Total: 3.061400 ms (FindLiveObjects: 0.444500 ms CreateObjectMapping: 0.162100 ms MarkObjects: 2.432900 ms  DeleteObjects: 0.020400 ms)

AssetImportParameters requested are different than current active one (requested -> active):
  custom:graphics/normal-map-encoding: 01000000000000000000000000000000 -> 02000000000000000000000000000000
========================================================================
Received Import Request.
  Time since last request: 891.900274 seconds.
  path: Assets/Caixa_Quebrada/CAIXA.png
  artifactKey: Guid(d6914cdc016e5fe43958795ba2164ef2) Importer(815301076,1909f56bfc062723c751e8b465ee728b)
Start importing Assets/Caixa_Quebrada/CAIXA.png using Guid(d6914cdc016e5fe43958795ba2164ef2) Importer(815301076,1909f56bfc062723c751e8b465ee728b)  -> (artifact id: 'c1b7248f7ff02c1639abfca8120a565e') in 0.042239 seconds
  Import took 0.045581 seconds .

========================================================================
Received Import Request.
  Time since last request: 0.000220 seconds.
  path: Assets/Caixa_Quebrada/CAIXA2.png
  artifactKey: Guid(55cf4e5498870f94791da1d34da54fc1) Importer(815301076,1909f56bfc062723c751e8b465ee728b)
Start importing Assets/Caixa_Quebrada/CAIXA2.png using Guid(55cf4e5498870f94791da1d34da54fc1) Importer(815301076,1909f56bfc062723c751e8b465ee728b)  -> (artifact id: '260229853f4147aef42ce81ce3ba7afe') in 0.013759 seconds
  Import took 0.017014 seconds .

========================================================================
Received Import Request.
  Time since last request: 0.000252 seconds.
  path: Assets/Caixa_Quebrada/CAIXA3.png
  artifactKey: Guid(d4bd081b159fc004cb07557dc02a1836) Importer(815301076,1909f56bfc062723c751e8b465ee728b)
Start importing Assets/Caixa_Quebrada/CAIXA3.png using Guid(d4bd081b159fc004cb07557dc02a1836) Importer(815301076,1909f56bfc062723c751e8b465ee728b)  -> (artifact id: 'da87a0e5970c85ac4e0eb6ccab3cdb92') in 0.008326 seconds
  Import took 0.012303 seconds .

========================================================================
Received Import Request.
  Time since last request: 0.000245 seconds.
  path: Assets/Caixa_Quebrada/CAIXA1.png
  artifactKey: Guid(004994d924ed33749a0d1ef2b98badef) Importer(815301076,1909f56bfc062723c751e8b465ee728b)
Start importing Assets/Caixa_Quebrada/CAIXA1.png using Guid(004994d924ed33749a0d1ef2b98badef) Importer(815301076,1909f56bfc062723c751e8b465ee728b)  -> (artifact id: 'b69057975b7f53dfd444e62d696e8d61') in 0.010051 seconds
  Import took 0.013558 seconds .

========================================================================
Received Import Request.
  Time since last request: 0.003290 seconds.
  path: Assets/Caixa_Quebrada/CAIXA3.png
  artifactKey: Guid(d4bd081b159fc004cb07557dc02a1836) Importer(815301076,1909f56bfc062723c751e8b465ee728b)
Start importing Assets/Caixa_Quebrada/CAIXA3.png using Guid(d4bd081b159fc004cb07557dc02a1836) Importer(815301076,1909f56bfc062723c751e8b465ee728b)  -> (artifact id: 'da87a0e5970c85ac4e0eb6ccab3cdb92') in 0.011177 seconds
  Import took 0.014617 seconds .

========================================================================
Received Import Request.
  Time since last request: 3.200645 seconds.
  path: Assets/Caixa_Quebrada/CAIXA4.png
  artifactKey: Guid(4219c9b1c86cbfa45b869d8c3c5cbb80) Importer(815301076,1909f56bfc062723c751e8b465ee728b)
Start importing Assets/Caixa_Quebrada/CAIXA4.png using Guid(4219c9b1c86cbfa45b869d8c3c5cbb80) Importer(815301076,1909f56bfc062723c751e8b465ee728b)  -> (artifact id: '6543431ce094a6933fbd4b4f81dcfe77') in 0.011958 seconds
  Import took 0.016034 seconds .

========================================================================
Received Import Request.
  Time since last request: 0.398788 seconds.
  path: Assets/Caixa_Quebrada/CAIXA5.png
  artifactKey: Guid(45c99661078d9db40a14d89403145047) Importer(815301076,1909f56bfc062723c751e8b465ee728b)
Start importing Assets/Caixa_Quebrada/CAIXA5.png using Guid(45c99661078d9db40a14d89403145047) Importer(815301076,1909f56bfc062723c751e8b465ee728b)  -> (artifact id: '8b226a9b3c461a42d02df56881b9b919') in 0.011945 seconds
  Import took 0.015117 seconds .

========================================================================
Received Prepare
Registering precompiled user dll's ...
Registered in 0.010004 seconds.
Begin MonoManager ReloadAssembly
Native extension for WindowsStandalone target not found
Refreshing native plugins compatible for Editor in 0.51 ms, found 3 plugins.
Preloading 0 native plugins for Editor in 0.00 ms.
Mono: successfully reloaded assembly
- Completed reload, in  1.151 seconds
Platform modules already initialized, skipping
Switching build target platform(5) subTarget(0) extendedPlatform(0) -> platform(13) subTarget(537395200) extendedPlatform(0)
Refreshing native plugins compatible for Editor in 0.53 ms, found 3 plugins.
Preloading 0 native plugins for Editor in 0.00 ms.
Unloading 2143 Unused Serialized files (Serialized files now loaded: 0)
System memory in use before: 98.4 MB.
System memory in use after: 98.5 MB.

Unloading 18 unused Assets to reduce memory usage. Loaded Objects now: 2711.
Total: 2.636500 ms (FindLiveObjects: 0.338600 ms CreateObjectMapping: 0.121600 ms MarkObjects: 2.156800 ms  DeleteObjects: 0.018000 ms)

AssetImportParameters requested are different than current active one (requested -> active):
  custom:graphics/normal-map-encoding: 01000000000000000000000000000000 -> 02000000000000000000000000000000
========================================================================
Received Prepare
Registering precompiled user dll's ...
Registered in 0.004934 seconds.
Begin MonoManager ReloadAssembly
Native extension for WindowsStandalone target not found
Refreshing native plugins compatible for Editor in 0.53 ms, found 3 plugins.
Preloading 0 native plugins for Editor in 0.00 ms.
Mono: successfully reloaded assembly
- Completed reload, in  1.140 seconds
Platform modules already initialized, skipping
Switching build target platform(5) subTarget(0) extendedPlatform(0) -> platform(13) subTarget(537395200) extendedPlatform(0)
Refreshing native plugins compatible for Editor in 0.54 ms, found 3 plugins.
Preloading 0 native plugins for Editor in 0.00 ms.
Unloading 2143 Unused Serialized files (Serialized files now loaded: 0)
System memory in use before: 98.5 MB.
System memory in use after: 98.6 MB.

Unloading 18 unused Assets to reduce memory usage. Loaded Objects now: 2714.
Total: 2.246300 ms (FindLiveObjects: 0.205500 ms CreateObjectMapping: 0.083900 ms MarkObjects: 1.940600 ms  DeleteObjects: 0.015200 ms)

AssetImportParameters requested are different than current active one (requested -> active):
  custom:graphics/normal-map-encoding: 01000000000000000000000000000000 -> 02000000000000000000000000000000
========================================================================
Received Prepare
Registering precompiled user dll's ...
Registered in 0.003028 seconds.
Begin MonoManager ReloadAssembly
Native extension for WindowsStandalone target not found
Refreshing native plugins compatible for Editor in 0.53 ms, found 3 plugins.
Preloading 0 native plugins for Editor in 0.00 ms.
Mono: successfully reloaded assembly
- Completed reload, in  1.147 seconds
Platform modules already initialized, skipping
Switching build target platform(5) subTarget(0) extendedPlatform(0) -> platform(13) subTarget(537395200) extendedPlatform(0)
Refreshing native plugins compatible for Editor in 0.54 ms, found 3 plugins.
Preloading 0 native plugins for Editor in 0.00 ms.
Unloading 2143 Unused Serialized files (Serialized files now loaded: 0)
System memory in use before: 98.5 MB.
System memory in use after: 98.6 MB.

Unloading 18 unused Assets to reduce memory usage. Loaded Objects now: 2717.
Total: 2.547800 ms (FindLiveObjects: 0.203100 ms CreateObjectMapping: 0.086100 ms MarkObjects: 2.239600 ms  DeleteObjects: 0.018000 ms)

AssetImportParameters requested are different than current active one (requested -> active):
  custom:graphics/normal-map-encoding: 01000000000000000000000000000000 -> 02000000000000000000000000000000
========================================================================
Received Prepare
Registering precompiled user dll's ...
Registered in 0.002682 seconds.
Begin MonoManager ReloadAssembly
Native extension for WindowsStandalone target not found
Refreshing native plugins compatible for Editor in 0.57 ms, found 3 plugins.
Preloading 0 native plugins for Editor in 0.00 ms.
Mono: successfully reloaded assembly
- Completed reload, in  1.231 seconds
Platform modules already initialized, skipping
Switching build target platform(5) subTarget(0) extendedPlatform(0) -> platform(13) subTarget(537395200) extendedPlatform(0)
Refreshing native plugins compatible for Editor in 0.55 ms, found 3 plugins.
Preloading 0 native plugins for Editor in 0.00 ms.
Unloading 2147 Unused Serialized files (Serialized files now loaded: 0)
System memory in use before: 98.9 MB.
System memory in use after: 99.1 MB.

Unloading 18 unused Assets to reduce memory usage. Loaded Objects now: 2724.
Total: 2.415300 ms (FindLiveObjects: 0.236600 ms CreateObjectMapping: 0.097400 ms MarkObjects: 2.064400 ms  DeleteObjects: 0.016000 ms)

AssetImportParameters requested are different than current active one (requested -> active):
  custom:graphics/normal-map-encoding: 01000000000000000000000000000000 -> 02000000000000000000000000000000
========================================================================
Received Import Request.
  Time since last request: 709.952112 seconds.
  path: Assets/Controler
  artifactKey: Guid(f01fbde78b2f4e847837486677870941) Importer(815301076,1909f56bfc062723c751e8b465ee728b)
Start importing Assets/Controler using Guid(f01fbde78b2f4e847837486677870941) Importer(815301076,1909f56bfc062723c751e8b465ee728b)  -> (artifact id: '69004e738aabbdbba0a34c46eb1fd15e') in 0.010359 seconds
  Import took 0.014401 seconds .

========================================================================
Received Import Request.
  Time since last request: 12.233415 seconds.
  path: Assets/Controler/ButtonAcceleratorOverSprite.png
  artifactKey: Guid(6d5532a14fa13e149be8fbf768d2722e) Importer(815301076,1909f56bfc062723c751e8b465ee728b)
Start importing Assets/Controler/ButtonAcceleratorOverSprite.png using Guid(6d5532a14fa13e149be8fbf768d2722e) Importer(815301076,1909f56bfc062723c751e8b465ee728b)  -> (artifact id: 'e6b73306a68422ec0f07c48f48082c54') in 0.058508 seconds
  Import took 0.062461 seconds .

========================================================================
Received Import Request.
  Time since last request: 0.000282 seconds.
  path: Assets/Controler/ButtonArrowUpSprite.png
  artifactKey: Guid(537500ad53375e3468aa4ff3ec14cc00) Importer(815301076,1909f56bfc062723c751e8b465ee728b)
Start importing Assets/Controler/ButtonArrowUpSprite.png using Guid(537500ad53375e3468aa4ff3ec14cc00) Importer(815301076,1909f56bfc062723c751e8b465ee728b)  -> (artifact id: '3ba90aa4f1e04475f304dae31e952540') in 0.013924 seconds
  Import took 0.017536 seconds .

========================================================================
Received Import Request.
  Time since last request: 0.000222 seconds.
  path: Assets/Controler/ButtonArrowOverSprite.png
  artifactKey: Guid(4da6fcb4fb28fd742b84313aa8d7c5da) Importer(815301076,1909f56bfc062723c751e8b465ee728b)
Start importing Assets/Controler/ButtonArrowOverSprite.png using Guid(4da6fcb4fb28fd742b84313aa8d7c5da) Importer(815301076,1909f56bfc062723c751e8b465ee728b)  -> (artifact id: 'd6bee67f29738e8c1827281af38ebbc2') in 0.011741 seconds
  Import took 0.014702 seconds .

========================================================================
Received Import Request.
  Time since last request: 0.000226 seconds.
  path: Assets/Controler/ButtonAcceleratorUpSprite.png
  artifactKey: Guid(8592abde21d3c8c4f90527798cfafd21) Importer(815301076,1909f56bfc062723c751e8b465ee728b)
Start importing Assets/Controler/ButtonAcceleratorUpSprite.png using Guid(8592abde21d3c8c4f90527798cfafd21) Importer(815301076,1909f56bfc062723c751e8b465ee728b)  -> (artifact id: 'a0849d21ef8d8682e801b9ef33b0f5d7') in 0.016571 seconds
  Import took 0.019371 seconds .

========================================================================
Received Import Request.
  Time since last request: 3.764075 seconds.
  path: Assets/Controler/ButtonBrakeOverSprite.png
  artifactKey: Guid(cc9704693a9131e4fa6accf7fd950bbf) Importer(815301076,1909f56bfc062723c751e8b465ee728b)
Start importing Assets/Controler/ButtonBrakeOverSprite.png using Guid(cc9704693a9131e4fa6accf7fd950bbf) Importer(815301076,1909f56bfc062723c751e8b465ee728b)  -> (artifact id: 'ab8887a1208b688421c4bc98c09161eb') in 0.011838 seconds
  Import took 0.015134 seconds .

========================================================================
Received Import Request.
  Time since last request: 0.158376 seconds.
  path: Assets/Controler/ButtonBrakeUpSprite.png
  artifactKey: Guid(1630d0060439f9644bd2a5ae7b8f2377) Importer(815301076,1909f56bfc062723c751e8b465ee728b)
Start importing Assets/Controler/ButtonBrakeUpSprite.png using Guid(1630d0060439f9644bd2a5ae7b8f2377) Importer(815301076,1909f56bfc062723c751e8b465ee728b)  -> (artifact id: '668f41b8be0a9347d5b1895547261a4f') in 0.013563 seconds
  Import took 0.016747 seconds .

========================================================================
Received Import Request.
  Time since last request: 0.405893 seconds.
  path: Assets/Controler/ButtonCameraCycleUpSprite.png
  artifactKey: Guid(f85cd29dfc549184b96edf4d2a88aa8d) Importer(815301076,1909f56bfc062723c751e8b465ee728b)
Start importing Assets/Controler/ButtonCameraCycleUpSprite.png using Guid(f85cd29dfc549184b96edf4d2a88aa8d) Importer(815301076,1909f56bfc062723c751e8b465ee728b)  -> (artifact id: 'd9057cd57f7b38491c1bfff61b31f25b') in 0.011028 seconds
  Import took 0.014321 seconds .

========================================================================
Received Import Request.
  Time since last request: 0.114391 seconds.
  path: Assets/Controler/ButtonResetSprite.png
  artifactKey: Guid(43ab55d7ad4706e4fb0266d920070dba) Importer(815301076,1909f56bfc062723c751e8b465ee728b)
Start importing Assets/Controler/ButtonResetSprite.png using Guid(43ab55d7ad4706e4fb0266d920070dba) Importer(815301076,1909f56bfc062723c751e8b465ee728b)  -> (artifact id: '412adfe9704fc291b29756015609e49d') in 0.019775 seconds
  Import took 0.024711 seconds .

========================================================================
Received Import Request.
  Time since last request: 0.101028 seconds.
  path: Assets/Controler/ButtonSpacebarSprite.png
  artifactKey: Guid(d98e24ce81ae4214694d7b4d33a5bbca) Importer(815301076,1909f56bfc062723c751e8b465ee728b)
Start importing Assets/Controler/ButtonSpacebarSprite.png using Guid(d98e24ce81ae4214694d7b4d33a5bbca) Importer(815301076,1909f56bfc062723c751e8b465ee728b)  -> (artifact id: '802814b27ae60e5c06603eadf5d9b78d') in 0.011407 seconds
  Import took 0.014499 seconds .

========================================================================
Received Import Request.
  Time since last request: 0.121513 seconds.
  path: Assets/Controler/ButtonThumbstickOverSprite.png
  artifactKey: Guid(f5b114643ee00ff48815887337990ed8) Importer(815301076,1909f56bfc062723c751e8b465ee728b)
Start importing Assets/Controler/ButtonThumbstickOverSprite.png using Guid(f5b114643ee00ff48815887337990ed8) Importer(815301076,1909f56bfc062723c751e8b465ee728b)  -> (artifact id: 'd87e066ca8ba264871618197b199f269') in 0.010532 seconds
  Import took 0.013617 seconds .

========================================================================
Received Import Request.
  Time since last request: 0.424598 seconds.
  path: Assets/Controler/ButtonThumbstickUpSprite.png
  artifactKey: Guid(aecc0c229ef71e142a1558e2e81d3595) Importer(815301076,1909f56bfc062723c751e8b465ee728b)
Start importing Assets/Controler/ButtonThumbstickUpSprite.png using Guid(aecc0c229ef71e142a1558e2e81d3595) Importer(815301076,1909f56bfc062723c751e8b465ee728b)  -> (artifact id: 'a0a7cebc1c05dcbd1bf4965fa33c3534') in 0.010160 seconds
  Import took 0.013592 seconds .

========================================================================
Received Import Request.
  Time since last request: 0.526639 seconds.
  path: Assets/Controler/ButtonTimescaleFullUpSprite.png
  artifactKey: Guid(ec30d7d5b30b4d3428667a52225345a5) Importer(815301076,1909f56bfc062723c751e8b465ee728b)
Start importing Assets/Controler/ButtonTimescaleFullUpSprite.png using Guid(ec30d7d5b30b4d3428667a52225345a5) Importer(815301076,1909f56bfc062723c751e8b465ee728b)  -> (artifact id: '3fbc203785d8bf0e25cd58a32e2aea85') in 0.011576 seconds
  Import took 0.015492 seconds .

========================================================================
Received Import Request.
  Time since last request: 0.279715 seconds.
  path: Assets/Controler/ButtonTimescaleSlowUpSprite.png
  artifactKey: Guid(38832be6e6256b0498c34fda5a21d02a) Importer(815301076,1909f56bfc062723c751e8b465ee728b)
Start importing Assets/Controler/ButtonTimescaleSlowUpSprite.png using Guid(38832be6e6256b0498c34fda5a21d02a) Importer(815301076,1909f56bfc062723c751e8b465ee728b)  -> (artifact id: 'b9f186f494d7eab4a305bc7b49d8eff4') in 0.016372 seconds
  Import took 0.020149 seconds .

========================================================================
Received Import Request.
  Time since last request: 0.214384 seconds.
  path: Assets/Controler/SliderBackgroundSprite.png
  artifactKey: Guid(e8fba68a3c7e02c4a8b38fc689410dd1) Importer(815301076,1909f56bfc062723c751e8b465ee728b)
Start importing Assets/Controler/SliderBackgroundSprite.png using Guid(e8fba68a3c7e02c4a8b38fc689410dd1) Importer(815301076,1909f56bfc062723c751e8b465ee728b)  -> (artifact id: '7fbcd61fa8d2588d610b975ac37f8de6') in 0.009498 seconds
  Import took 0.012792 seconds .

========================================================================
Received Import Request.
  Time since last request: 18.757034 seconds.
  path: Assets/Scripts/IteenExemplo.cs
  artifactKey: Guid(4d0cbb8df66c4fd4f89b27afed3dda68) Importer(815301076,1909f56bfc062723c751e8b465ee728b)
Start importing Assets/Scripts/IteenExemplo.cs using Guid(4d0cbb8df66c4fd4f89b27afed3dda68) Importer(815301076,1909f56bfc062723c751e8b465ee728b)  -> (artifact id: '1ea8965a21c9ac404351df813566d093') in 0.007228 seconds
  Import took 0.010955 seconds .

========================================================================
Received Prepare
Registering precompiled user dll's ...
Registered in 0.002761 seconds.
Begin MonoManager ReloadAssembly
Native extension for WindowsStandalone target not found
Refreshing native plugins compatible for Editor in 0.53 ms, found 3 plugins.
Preloading 0 native plugins for Editor in 0.00 ms.
Mono: successfully reloaded assembly
- Completed reload, in  1.152 seconds
Platform modules already initialized, skipping
Switching build target platform(5) subTarget(0) extendedPlatform(0) -> platform(13) subTarget(537395200) extendedPlatform(0)
Refreshing native plugins compatible for Editor in 0.56 ms, found 3 plugins.
Preloading 0 native plugins for Editor in 0.00 ms.
Unloading 2148 Unused Serialized files (Serialized files now loaded: 0)
System memory in use before: 98.9 MB.
System memory in use after: 99.1 MB.

Unloading 18 unused Assets to reduce memory usage. Loaded Objects now: 2732.
Total: 2.305300 ms (FindLiveObjects: 0.210100 ms CreateObjectMapping: 0.095700 ms MarkObjects: 1.983700 ms  DeleteObjects: 0.015000 ms)

AssetImportParameters requested are different than current active one (requested -> active):
  custom:graphics/normal-map-encoding: 01000000000000000000000000000000 -> 02000000000000000000000000000000
========================================================================
Received Prepare
Registering precompiled user dll's ...
Registered in 0.002995 seconds.
Begin MonoManager ReloadAssembly
Native extension for WindowsStandalone target not found
Refreshing native plugins compatible for Editor in 0.55 ms, found 3 plugins.
Preloading 0 native plugins for Editor in 0.00 ms.
Mono: successfully reloaded assembly
- Completed reload, in  1.184 seconds
Platform modules already initialized, skipping
Switching build target platform(5) subTarget(0) extendedPlatform(0) -> platform(13) subTarget(537395200) extendedPlatform(0)
Refreshing native plugins compatible for Editor in 0.53 ms, found 3 plugins.
Preloading 0 native plugins for Editor in 0.00 ms.
Unloading 2148 Unused Serialized files (Serialized files now loaded: 0)
System memory in use before: 98.9 MB.
System memory in use after: 99.1 MB.

Unloading 18 unused Assets to reduce memory usage. Loaded Objects now: 2735.
Total: 4.012000 ms (FindLiveObjects: 0.660900 ms CreateObjectMapping: 0.340800 ms MarkObjects: 2.993200 ms  DeleteObjects: 0.014600 ms)

AssetImportParameters requested are different than current active one (requested -> active):
  custom:graphics/normal-map-encoding: 01000000000000000000000000000000 -> 02000000000000000000000000000000
========================================================================
Received Prepare
Registering precompiled user dll's ...
Registered in 0.002781 seconds.
Begin MonoManager ReloadAssembly
Native extension for WindowsStandalone target not found
Refreshing native plugins compatible for Editor in 0.54 ms, found 3 plugins.
Preloading 0 native plugins for Editor in 0.00 ms.
Mono: successfully reloaded assembly
- Completed reload, in  1.190 seconds
Platform modules already initialized, skipping
Switching build target platform(5) subTarget(0) extendedPlatform(0) -> platform(13) subTarget(537395200) extendedPlatform(0)
Refreshing native plugins compatible for Editor in 0.55 ms, found 3 plugins.
Preloading 0 native plugins for Editor in 0.00 ms.
Unloading 2148 Unused Serialized files (Serialized files now loaded: 0)
System memory in use before: 98.9 MB.
System memory in use after: 99.1 MB.

Unloading 18 unused Assets to reduce memory usage. Loaded Objects now: 2738.
Total: 2.489900 ms (FindLiveObjects: 0.219900 ms CreateObjectMapping: 0.097400 ms MarkObjects: 2.155400 ms  DeleteObjects: 0.016300 ms)

AssetImportParameters requested are different than current active one (requested -> active):
  custom:graphics/normal-map-encoding: 01000000000000000000000000000000 -> 02000000000000000000000000000000
========================================================================
Received Prepare
Registering precompiled user dll's ...
Registered in 0.002783 seconds.
Begin MonoManager ReloadAssembly
Native extension for WindowsStandalone target not found
Refreshing native plugins compatible for Editor in 0.55 ms, found 3 plugins.
Preloading 0 native plugins for Editor in 0.00 ms.
Mono: successfully reloaded assembly
- Completed reload, in  1.175 seconds
Platform modules already initialized, skipping
Switching build target platform(5) subTarget(0) extendedPlatform(0) -> platform(13) subTarget(537395200) extendedPlatform(0)
Refreshing native plugins compatible for Editor in 0.55 ms, found 3 plugins.
Preloading 0 native plugins for Editor in 0.00 ms.
Unloading 2148 Unused Serialized files (Serialized files now loaded: 0)
System memory in use before: 98.9 MB.
System memory in use after: 99.1 MB.

Unloading 18 unused Assets to reduce memory usage. Loaded Objects now: 2741.
Total: 3.292200 ms (FindLiveObjects: 0.647800 ms CreateObjectMapping: 0.334600 ms MarkObjects: 2.292700 ms  DeleteObjects: 0.014600 ms)

AssetImportParameters requested are different than current active one (requested -> active):
  custom:graphics/normal-map-encoding: 01000000000000000000000000000000 -> 02000000000000000000000000000000
========================================================================
Received Prepare
Registering precompiled user dll's ...
Registered in 0.002761 seconds.
Begin MonoManager ReloadAssembly
Loading assembly failed: "Library/ScriptAssemblies/Assembly-CSharp.dll"

Native extension for WindowsStandalone target not found
Refreshing native plugins compatible for Editor in 0.54 ms, found 3 plugins.
Preloading 0 native plugins for Editor in 0.00 ms.
Mono: successfully reloaded assembly
- Completed reload, in  1.164 seconds
Platform modules already initialized, skipping
Assertion failed on expression: 'reloadOk'

Switching build target platform(5) subTarget(0) extendedPlatform(0) -> platform(13) subTarget(537395200) extendedPlatform(0)
Refreshing native plugins compatible for Editor in 0.55 ms, found 3 plugins.
Preloading 0 native plugins for Editor in 0.00 ms.
Unloading 2148 Unused Serialized files (Serialized files now loaded: 0)
System memory in use before: 99.0 MB.
System memory in use after: 99.2 MB.

Unloading 18 unused Assets to reduce memory usage. Loaded Objects now: 2744.
Total: 2.696200 ms (FindLiveObjects: 0.250300 ms CreateObjectMapping: 0.140300 ms MarkObjects: 2.284200 ms  DeleteObjects: 0.020400 ms)

AssetImportParameters requested are different than current active one (requested -> active):
  custom:graphics/normal-map-encoding: 01000000000000000000000000000000 -> 02000000000000000000000000000000
========================================================================
Received Prepare
Registering precompiled user dll's ...
Registered in 0.002773 seconds.
Begin MonoManager ReloadAssembly
Native extension for WindowsStandalone target not found
Refreshing native plugins compatible for Editor in 0.54 ms, found 3 plugins.
Preloading 0 native plugins for Editor in 0.00 ms.
Mono: successfully reloaded assembly
- Completed reload, in  1.194 seconds
Platform modules already initialized, skipping
Switching build target platform(5) subTarget(0) extendedPlatform(0) -> platform(13) subTarget(537395200) extendedPlatform(0)
Refreshing native plugins compatible for Editor in 0.54 ms, found 3 plugins.
Preloading 0 native plugins for Editor in 0.00 ms.
Unloading 2148 Unused Serialized files (Serialized files now loaded: 0)
System memory in use before: 99.1 MB.
System memory in use after: 99.3 MB.

Unloading 18 unused Assets to reduce memory usage. Loaded Objects now: 2747.
Total: 2.293300 ms (FindLiveObjects: 0.223500 ms CreateObjectMapping: 0.125500 ms MarkObjects: 1.926400 ms  DeleteObjects: 0.016800 ms)

AssetImportParameters requested are different than current active one (requested -> active):
  custom:graphics/normal-map-encoding: 01000000000000000000000000000000 -> 02000000000000000000000000000000
========================================================================
Received Prepare
Registering precompiled user dll's ...
Registered in 0.002768 seconds.
Begin MonoManager ReloadAssembly
Native extension for WindowsStandalone target not found
Refreshing native plugins compatible for Editor in 0.54 ms, found 3 plugins.
Preloading 0 native plugins for Editor in 0.00 ms.
Mono: successfully reloaded assembly
- Completed reload, in  1.238 seconds
Platform modules already initialized, skipping
Switching build target platform(5) subTarget(0) extendedPlatform(0) -> platform(13) subTarget(537395200) extendedPlatform(0)
Refreshing native plugins compatible for Editor in 0.54 ms, found 3 plugins.
Preloading 0 native plugins for Editor in 0.00 ms.
Unloading 2148 Unused Serialized files (Serialized files now loaded: 0)
System memory in use before: 99.1 MB.
System memory in use after: 99.3 MB.

Unloading 18 unused Assets to reduce memory usage. Loaded Objects now: 2750.
Total: 2.276300 ms (FindLiveObjects: 0.215200 ms CreateObjectMapping: 0.089300 ms MarkObjects: 1.952900 ms  DeleteObjects: 0.018000 ms)

AssetImportParameters requested are different than current active one (requested -> active):
  custom:graphics/normal-map-encoding: 01000000000000000000000000000000 -> 02000000000000000000000000000000
========================================================================
Received Prepare
Registering precompiled user dll's ...
Registered in 0.002695 seconds.
Begin MonoManager ReloadAssembly
Native extension for WindowsStandalone target not found
Refreshing native plugins compatible for Editor in 0.62 ms, found 3 plugins.
Preloading 0 native plugins for Editor in 0.00 ms.
Mono: successfully reloaded assembly
- Completed reload, in  1.249 seconds
Platform modules already initialized, skipping
Switching build target platform(5) subTarget(0) extendedPlatform(0) -> platform(13) subTarget(537395200) extendedPlatform(0)
Refreshing native plugins compatible for Editor in 0.57 ms, found 3 plugins.
Preloading 0 native plugins for Editor in 0.00 ms.
Unloading 2148 Unused Serialized files (Serialized files now loaded: 0)
System memory in use before: 99.1 MB.
System memory in use after: 99.3 MB.

Unloading 18 unused Assets to reduce memory usage. Loaded Objects now: 2753.
Total: 2.443100 ms (FindLiveObjects: 0.261200 ms CreateObjectMapping: 0.145500 ms MarkObjects: 2.015200 ms  DeleteObjects: 0.020300 ms)

AssetImportParameters requested are different than current active one (requested -> active):
  custom:graphics/normal-map-encoding: 01000000000000000000000000000000 -> 02000000000000000000000000000000
========================================================================
Received Prepare
Registering precompiled user dll's ...
Registered in 0.002701 seconds.
Begin MonoManager ReloadAssembly
Native extension for WindowsStandalone target not found
Refreshing native plugins compatible for Editor in 0.53 ms, found 3 plugins.
Preloading 0 native plugins for Editor in 0.00 ms.
Mono: successfully reloaded assembly
- Completed reload, in  1.207 seconds
Platform modules already initialized, skipping
Switching build target platform(5) subTarget(0) extendedPlatform(0) -> platform(13) subTarget(537395200) extendedPlatform(0)
Refreshing native plugins compatible for Editor in 0.53 ms, found 3 plugins.
Preloading 0 native plugins for Editor in 0.00 ms.
Unloading 2148 Unused Serialized files (Serialized files now loaded: 0)
System memory in use before: 99.1 MB.
System memory in use after: 99.3 MB.

Unloading 18 unused Assets to reduce memory usage. Loaded Objects now: 2756.
Total: 2.427100 ms (FindLiveObjects: 0.225400 ms CreateObjectMapping: 0.104200 ms MarkObjects: 2.078900 ms  DeleteObjects: 0.017900 ms)

AssetImportParameters requested are different than current active one (requested -> active):
  custom:graphics/normal-map-encoding: 01000000000000000000000000000000 -> 02000000000000000000000000000000
========================================================================
Received Prepare
Registering precompiled user dll's ...
Registered in 0.002844 seconds.
Begin MonoManager ReloadAssembly
Native extension for WindowsStandalone target not found
Refreshing native plugins compatible for Editor in 0.55 ms, found 3 plugins.
Preloading 0 native plugins for Editor in 0.00 ms.
Mono: successfully reloaded assembly
- Completed reload, in  1.164 seconds
Platform modules already initialized, skipping
Switching build target platform(5) subTarget(0) extendedPlatform(0) -> platform(13) subTarget(537395200) extendedPlatform(0)
Refreshing native plugins compatible for Editor in 0.53 ms, found 3 plugins.
Preloading 0 native plugins for Editor in 0.00 ms.
Unloading 2148 Unused Serialized files (Serialized files now loaded: 0)
System memory in use before: 99.1 MB.
System memory in use after: 99.3 MB.

Unloading 18 unused Assets to reduce memory usage. Loaded Objects now: 2759.
Total: 2.293800 ms (FindLiveObjects: 0.199200 ms CreateObjectMapping: 0.085600 ms MarkObjects: 1.994100 ms  DeleteObjects: 0.013800 ms)

AssetImportParameters requested are different than current active one (requested -> active):
  custom:graphics/normal-map-encoding: 01000000000000000000000000000000 -> 02000000000000000000000000000000
========================================================================
Received Prepare
Registering precompiled user dll's ...
Registered in 0.002881 seconds.
Begin MonoManager ReloadAssembly
Native extension for WindowsStandalone target not found
Refreshing native plugins compatible for Editor in 0.57 ms, found 3 plugins.
Preloading 0 native plugins for Editor in 0.00 ms.
Mono: successfully reloaded assembly
- Completed reload, in  1.300 seconds
Platform modules already initialized, skipping
Switching build target platform(5) subTarget(0) extendedPlatform(0) -> platform(13) subTarget(537395200) extendedPlatform(0)
Refreshing native plugins compatible for Editor in 0.54 ms, found 3 plugins.
Preloading 0 native plugins for Editor in 0.00 ms.
Unloading 2148 Unused Serialized files (Serialized files now loaded: 0)
System memory in use before: 99.1 MB.
System memory in use after: 99.3 MB.

Unloading 18 unused Assets to reduce memory usage. Loaded Objects now: 2762.
Total: 2.367500 ms (FindLiveObjects: 0.206100 ms CreateObjectMapping: 0.133400 ms MarkObjects: 2.010600 ms  DeleteObjects: 0.016800 ms)

AssetImportParameters requested are different than current active one (requested -> active):
  custom:graphics/normal-map-encoding: 01000000000000000000000000000000 -> 02000000000000000000000000000000
========================================================================
Received Prepare
Registering precompiled user dll's ...
Registered in 0.002782 seconds.
Begin MonoManager ReloadAssembly
Native extension for WindowsStandalone target not found
Refreshing native plugins compatible for Editor in 0.57 ms, found 3 plugins.
Preloading 0 native plugins for Editor in 0.00 ms.
Mono: successfully reloaded assembly
- Completed reload, in  1.206 seconds
Platform modules already initialized, skipping
Switching build target platform(5) subTarget(0) extendedPlatform(0) -> platform(13) subTarget(537395200) extendedPlatform(0)
Refreshing native plugins compatible for Editor in 0.54 ms, found 3 plugins.
Preloading 0 native plugins for Editor in 0.00 ms.
Unloading 2148 Unused Serialized files (Serialized files now loaded: 0)
System memory in use before: 99.1 MB.
System memory in use after: 99.3 MB.

Unloading 18 unused Assets to reduce memory usage. Loaded Objects now: 2765.
Total: 4.055700 ms (FindLiveObjects: 0.650800 ms CreateObjectMapping: 0.338300 ms MarkObjects: 3.048400 ms  DeleteObjects: 0.016000 ms)

AssetImportParameters requested are different than current active one (requested -> active):
  custom:graphics/normal-map-encoding: 01000000000000000000000000000000 -> 02000000000000000000000000000000
========================================================================
Received Prepare
Registering precompiled user dll's ...
Registered in 0.002709 seconds.
Begin MonoManager ReloadAssembly
Native extension for WindowsStandalone target not found
Refreshing native plugins compatible for Editor in 0.56 ms, found 3 plugins.
Preloading 0 native plugins for Editor in 0.00 ms.
Mono: successfully reloaded assembly
- Completed reload, in  1.194 seconds
Platform modules already initialized, skipping
Switching build target platform(5) subTarget(0) extendedPlatform(0) -> platform(13) subTarget(537395200) extendedPlatform(0)
Refreshing native plugins compatible for Editor in 0.53 ms, found 3 plugins.
Preloading 0 native plugins for Editor in 0.00 ms.
Unloading 2148 Unused Serialized files (Serialized files now loaded: 0)
System memory in use before: 99.1 MB.
System memory in use after: 99.3 MB.

Unloading 18 unused Assets to reduce memory usage. Loaded Objects now: 2768.
Total: 2.271300 ms (FindLiveObjects: 0.205500 ms CreateObjectMapping: 0.086800 ms MarkObjects: 1.964200 ms  DeleteObjects: 0.014200 ms)

AssetImportParameters requested are different than current active one (requested -> active):
  custom:graphics/normal-map-encoding: 01000000000000000000000000000000 -> 02000000000000000000000000000000
AssetImportWorkerClient::OnTransportError - code=2 error=End of file
